<?xml version="1.0" encoding="UTF-8"?>
<testng-results ignored="0" total="3" passed="3" failed="0" skipped="0">
  <reporter-output>
  </reporter-output>
  <suite started-at="2024-10-24T10:32:36 IST" name="Suite" finished-at="2024-10-24T10:36:13 IST" duration-ms="217618">
    <groups>
    </groups>
    <test started-at="2024-10-24T10:32:36 IST" name="ChromeTest" finished-at="2024-10-24T10:33:47 IST" duration-ms="71585">
      <class name="Demo.CrossBrowserTest">
        <test-method is-config="true" signature="initialize(java.lang.String)[pri:0, instance:Demo.CrossBrowserTest@4a003cbe]" started-at="2024-10-24T10:32:36 IST" name="initialize" finished-at="2024-10-24T10:32:40 IST" duration-ms="4245" status="PASS">
          <params>
            <param index="0">
              <value>
                <![CDATA[chrome]]>
              </value>
            </param>
          </params>
          <reporter-output>
          </reporter-output>
        </test-method> <!-- initialize -->
        <test-method signature="citibanklogin()[pri:0, instance:Demo.CrossBrowserTest@4a003cbe]" started-at="2024-10-24T10:32:40 IST" name="citibanklogin" finished-at="2024-10-24T10:33:42 IST" duration-ms="61897" status="PASS">
          <reporter-output>
          </reporter-output>
        </test-method> <!-- citibanklogin -->
        <test-method is-config="true" signature="endTest()[pri:0, instance:Demo.CrossBrowserTest@4a003cbe]" started-at="2024-10-24T10:33:42 IST" name="endTest" finished-at="2024-10-24T10:33:47 IST" duration-ms="5397" status="PASS">
          <reporter-output>
          </reporter-output>
        </test-method> <!-- endTest -->
      </class> <!-- Demo.CrossBrowserTest -->
    </test> <!-- ChromeTest -->
    <test started-at="2024-10-24T10:33:47 IST" name="FireFoxTest" finished-at="2024-10-24T10:35:03 IST" duration-ms="75157">
      <class name="Demo.CrossBrowserTest">
        <test-method is-config="true" signature="initialize(java.lang.String)[pri:0, instance:Demo.CrossBrowserTest@3cce5371]" started-at="2024-10-24T10:33:47 IST" name="initialize" finished-at="2024-10-24T10:33:53 IST" duration-ms="5850" status="PASS">
          <params>
            <param index="0">
              <value>
                <![CDATA[firefox]]>
              </value>
            </param>
          </params>
          <reporter-output>
          </reporter-output>
        </test-method> <!-- initialize -->
        <test-method signature="citibanklogin()[pri:0, instance:Demo.CrossBrowserTest@3cce5371]" started-at="2024-10-24T10:33:53 IST" name="citibanklogin" finished-at="2024-10-24T10:34:56 IST" duration-ms="62943" status="PASS">
          <reporter-output>
          </reporter-output>
        </test-method> <!-- citibanklogin -->
        <test-method is-config="true" signature="endTest()[pri:0, instance:Demo.CrossBrowserTest@3cce5371]" started-at="2024-10-24T10:34:56 IST" name="endTest" finished-at="2024-10-24T10:35:03 IST" duration-ms="6358" status="FAIL">
          <exception class="org.openqa.selenium.NoSuchSessionException">
            <message>
              <![CDATA[Tried to run command without establishing a connection
Build info: version: '4.23.1', revision: '656257d8e9'
System info: os.name: 'Windows 11', os.arch: 'amd64', os.version: '10.0', java.version: '17.0.9'
Driver info: org.openqa.selenium.firefox.FirefoxDriver
Command: [2edaaa8e-b233-4f46-91bd-560fb955692b, quit {}]
Capabilities {acceptInsecureCerts: true, browserName: firefox, browserVersion: 131.0.3, moz:accessibilityChecks: false, moz:buildID: 20241011205646, moz:debuggerAddress: 127.0.0.1:32882, moz:geckodriverVersion: 0.35.0, moz:headless: false, moz:platformVersion: 10.0, moz:processID: 17548, moz:profile: C:\Users\Omkar\AppData\Loca..., moz:shutdownTimeout: 60000, moz:webdriverClick: true, moz:windowless: false, pageLoadStrategy: normal, platformName: windows, proxy: Proxy(), se:cdp: ws://127.0.0.1:32882/devtoo..., se:cdpVersion: 85.0, setWindowRect: true, strictFileInteractability: false, timeouts: {implicit: 0, pageLoad: 300000, script: 30000}, unhandledPromptBehavior: dismiss and notify, userAgent: Mozilla/5.0 (Windows NT 10....}
Session ID: 2edaaa8e-b233-4f46-91bd-560fb955692b]]>
            </message>
            <full-stacktrace>
              <![CDATA[org.openqa.selenium.NoSuchSessionException: Tried to run command without establishing a connection
Build info: version: '4.23.1', revision: '656257d8e9'
System info: os.name: 'Windows 11', os.arch: 'amd64', os.version: '10.0', java.version: '17.0.9'
Driver info: org.openqa.selenium.firefox.FirefoxDriver
Command: [2edaaa8e-b233-4f46-91bd-560fb955692b, quit {}]
Capabilities {acceptInsecureCerts: true, browserName: firefox, browserVersion: 131.0.3, moz:accessibilityChecks: false, moz:buildID: 20241011205646, moz:debuggerAddress: 127.0.0.1:32882, moz:geckodriverVersion: 0.35.0, moz:headless: false, moz:platformVersion: 10.0, moz:processID: 17548, moz:profile: C:\Users\Omkar\AppData\Loca..., moz:shutdownTimeout: 60000, moz:webdriverClick: true, moz:windowless: false, pageLoadStrategy: normal, platformName: windows, proxy: Proxy(), se:cdp: ws://127.0.0.1:32882/devtoo..., se:cdpVersion: 85.0, setWindowRect: true, strictFileInteractability: false, timeouts: {implicit: 0, pageLoad: 300000, script: 30000}, unhandledPromptBehavior: dismiss and notify, userAgent: Mozilla/5.0 (Windows NT 10....}
Session ID: 2edaaa8e-b233-4f46-91bd-560fb955692b
at java.base/jdk.internal.reflect.NativeConstructorAccessorImpl.newInstance0(Native Method)
at java.base/jdk.internal.reflect.NativeConstructorAccessorImpl.newInstance(NativeConstructorAccessorImpl.java:77)
at java.base/jdk.internal.reflect.DelegatingConstructorAccessorImpl.newInstance(DelegatingConstructorAccessorImpl.java:45)
at java.base/java.lang.reflect.Constructor.newInstanceWithCaller(Constructor.java:499)
at java.base/java.lang.reflect.Constructor.newInstance(Constructor.java:480)
at org.openqa.selenium.remote.ErrorCodec.decode(ErrorCodec.java:167)
at org.openqa.selenium.remote.codec.w3c.W3CHttpResponseCodec.decode(W3CHttpResponseCodec.java:138)
at org.openqa.selenium.remote.codec.w3c.W3CHttpResponseCodec.decode(W3CHttpResponseCodec.java:50)
at org.openqa.selenium.remote.HttpCommandExecutor.execute(HttpCommandExecutor.java:190)
at org.openqa.selenium.remote.service.DriverCommandExecutor.invokeExecute(DriverCommandExecutor.java:216)
at org.openqa.selenium.remote.service.DriverCommandExecutor.lambda$execute$1(DriverCommandExecutor.java:126)
at java.base/java.util.concurrent.CompletableFuture$AsyncSupply.run(CompletableFuture.java:1768)
at java.base/java.util.concurrent.ThreadPoolExecutor.runWorker(ThreadPoolExecutor.java:1136)
at java.base/java.util.concurrent.ThreadPoolExecutor$Worker.run(ThreadPoolExecutor.java:635)
at java.base/java.lang.Thread.run(Thread.java:840)
]]>
            </full-stacktrace>
          </exception> <!-- org.openqa.selenium.NoSuchSessionException -->
          <reporter-output>
          </reporter-output>
        </test-method> <!-- endTest -->
      </class> <!-- Demo.CrossBrowserTest -->
    </test> <!-- FireFoxTest -->
    <test started-at="2024-10-24T10:35:03 IST" name="EdgeTest" finished-at="2024-10-24T10:36:13 IST" duration-ms="70841">
      <class name="Demo.CrossBrowserTest">
        <test-method is-config="true" signature="initialize(java.lang.String)[pri:0, instance:Demo.CrossBrowserTest@6e535154]" started-at="2024-10-24T10:35:03 IST" name="initialize" finished-at="2024-10-24T10:35:05 IST" duration-ms="2297" status="PASS">
          <params>
            <param index="0">
              <value>
                <![CDATA[edge]]>
              </value>
            </param>
          </params>
          <reporter-output>
          </reporter-output>
        </test-method> <!-- initialize -->
        <test-method signature="citibanklogin()[pri:0, instance:Demo.CrossBrowserTest@6e535154]" started-at="2024-10-24T10:35:05 IST" name="citibanklogin" finished-at="2024-10-24T10:36:07 IST" duration-ms="62045" status="PASS">
          <reporter-output>
          </reporter-output>
        </test-method> <!-- citibanklogin -->
        <test-method is-config="true" signature="endTest()[pri:0, instance:Demo.CrossBrowserTest@6e535154]" started-at="2024-10-24T10:36:07 IST" name="endTest" finished-at="2024-10-24T10:36:13 IST" duration-ms="6496" status="PASS">
          <reporter-output>
          </reporter-output>
        </test-method> <!-- endTest -->
      </class> <!-- Demo.CrossBrowserTest -->
    </test> <!-- EdgeTest -->
  </suite> <!-- Suite -->
</testng-results>
